<?xml version="1.0" encoding="UTF-8"?>
<coverage generated="1722365788493" clover="3.2.0">
  <project timestamp="1722365788493" name="All files">
    <metrics statements="17" coveredstatements="17" conditionals="10" coveredconditionals="9" methods="3" coveredmethods="3" elements="30" coveredelements="29" complexity="0" loc="17" ncloc="17" packages="1" files="2" classes="2"/>
    <file name="fileParse.js" path="/Users/alex_kazakov/Documents/Hexlet/github/frontend-project-46/src/fileParse.js">
      <metrics statements="1" coveredstatements="1" conditionals="0" coveredconditionals="0" methods="1" coveredmethods="1"/>
      <line num="1" count="1" type="stmt"/>
    </file>
    <file name="genDiff.js" path="/Users/alex_kazakov/Documents/Hexlet/github/frontend-project-46/src/genDiff.js">
      <metrics statements="16" coveredstatements="16" conditionals="10" coveredconditionals="9" methods="2" coveredmethods="2"/>
      <line num="3" count="1" type="stmt"/>
      <line num="4" count="2" type="stmt"/>
      <line num="5" count="2" type="stmt"/>
      <line num="6" count="2" type="stmt"/>
      <line num="8" count="2" type="stmt"/>
      <line num="9" count="12" type="cond" truecount="4" falsecount="0"/>
      <line num="10" count="6" type="cond" truecount="2" falsecount="0"/>
      <line num="11" count="4" type="stmt"/>
      <line num="13" count="2" type="stmt"/>
      <line num="14" count="2" type="stmt"/>
      <line num="16" count="6" type="cond" truecount="2" falsecount="0"/>
      <line num="17" count="2" type="stmt"/>
      <line num="18" count="4" type="cond" truecount="1" falsecount="1"/>
      <line num="19" count="4" type="stmt"/>
      <line num="22" count="12" type="stmt"/>
      <line num="25" count="2" type="stmt"/>
    </file>
  </project>
</coverage>
