{"/Users/alex_kazakov/Documents/Hexlet/github/frontend-project-46/src/fileParse.js": {"path":"/Users/alex_kazakov/Documents/Hexlet/github/frontend-project-46/src/fileParse.js","statementMap":{"0":{"start":{"line":1,"column":18},"end":{"line":1,"column":44}},"1":{"start":{"line":1,"column":28},"end":{"line":1,"column":44}}},"fnMap":{"0":{"name":"(anonymous_0)","decl":{"start":{"line":1,"column":18},"end":{"line":1,"column":19}},"loc":{"start":{"line":1,"column":28},"end":{"line":1,"column":44}},"line":1}},"branchMap":{},"s":{"0":1,"1":1},"f":{"0":1},"b":{},"_coverageSchema":"1a1c01bbd47fc00a2c39e90264f33305004495a9","hash":"e128e2abfb4d134ecb8d3dca730178a532fa555c"}
,"/Users/alex_kazakov/Documents/Hexlet/github/frontend-project-46/src/genDiff.js": {"path":"/Users/alex_kazakov/Documents/Hexlet/github/frontend-project-46/src/genDiff.js","statementMap":{"0":{"start":{"line":3,"column":16},"end":{"line":26,"column":1}},"1":{"start":{"line":4,"column":24},"end":{"line":4,"column":42}},"2":{"start":{"line":5,"column":24},"end":{"line":5,"column":42}},"3":{"start":{"line":6,"column":26},"end":{"line":6,"column":73}},"4":{"start":{"line":8,"column":26},"end":{"line":23,"column":8}},"5":{"start":{"line":9,"column":4},"end":{"line":20,"column":5}},"6":{"start":{"line":10,"column":6},"end":{"line":15,"column":7}},"7":{"start":{"line":11,"column":8},"end":{"line":11,"column":46}},"8":{"start":{"line":13,"column":8},"end":{"line":13,"column":46}},"9":{"start":{"line":14,"column":8},"end":{"line":14,"column":46}},"10":{"start":{"line":16,"column":11},"end":{"line":20,"column":5}},"11":{"start":{"line":17,"column":6},"end":{"line":17,"column":44}},"12":{"start":{"line":18,"column":11},"end":{"line":20,"column":5}},"13":{"start":{"line":19,"column":6},"end":{"line":19,"column":44}},"14":{"start":{"line":22,"column":4},"end":{"line":22,"column":15}},"15":{"start":{"line":25,"column":2},"end":{"line":25,"column":47}}},"fnMap":{"0":{"name":"(anonymous_0)","decl":{"start":{"line":3,"column":16},"end":{"line":3,"column":17}},"loc":{"start":{"line":3,"column":34},"end":{"line":26,"column":1}},"line":3},"1":{"name":"(anonymous_1)","decl":{"start":{"line":8,"column":49},"end":{"line":8,"column":50}},"loc":{"start":{"line":8,"column":63},"end":{"line":23,"column":3}},"line":8}},"branchMap":{"0":{"loc":{"start":{"line":9,"column":4},"end":{"line":20,"column":5}},"type":"if","locations":[{"start":{"line":9,"column":4},"end":{"line":20,"column":5}},{"start":{"line":16,"column":11},"end":{"line":20,"column":5}}],"line":9},"1":{"loc":{"start":{"line":9,"column":8},"end":{"line":9,"column":62}},"type":"binary-expr","locations":[{"start":{"line":9,"column":8},"end":{"line":9,"column":33}},{"start":{"line":9,"column":37},"end":{"line":9,"column":62}}],"line":9},"2":{"loc":{"start":{"line":10,"column":6},"end":{"line":15,"column":7}},"type":"if","locations":[{"start":{"line":10,"column":6},"end":{"line":15,"column":7}},{"start":{"line":12,"column":13},"end":{"line":15,"column":7}}],"line":10},"3":{"loc":{"start":{"line":16,"column":11},"end":{"line":20,"column":5}},"type":"if","locations":[{"start":{"line":16,"column":11},"end":{"line":20,"column":5}},{"start":{"line":18,"column":11},"end":{"line":20,"column":5}}],"line":16},"4":{"loc":{"start":{"line":18,"column":11},"end":{"line":20,"column":5}},"type":"if","locations":[{"start":{"line":18,"column":11},"end":{"line":20,"column":5}},{"start":{},"end":{}}],"line":18}},"s":{"0":1,"1":2,"2":2,"3":2,"4":2,"5":12,"6":6,"7":4,"8":2,"9":2,"10":6,"11":2,"12":4,"13":4,"14":12,"15":2},"f":{"0":2,"1":12},"b":{"0":[6,6],"1":[12,8],"2":[4,2],"3":[2,4],"4":[4,0]},"_coverageSchema":"1a1c01bbd47fc00a2c39e90264f33305004495a9","hash":"851c0af93c663f65c612594302583a0a887c814a"}
}
