TN:
SF:src/fileParse.js
FN:1,(anonymous_0)
FNF:1
FNH:1
FNDA:1,(anonymous_0)
DA:1,1
LF:1
LH:1
BRF:0
BRH:0
end_of_record
TN:
SF:src/genDiff.js
FN:3,(anonymous_0)
FN:8,(anonymous_1)
FNF:2
FNH:2
FNDA:2,(anonymous_0)
FNDA:12,(anonymous_1)
DA:3,1
DA:4,2
DA:5,2
DA:6,2
DA:8,2
DA:9,12
DA:10,6
DA:11,4
DA:13,2
DA:14,2
DA:16,6
DA:17,2
DA:18,4
DA:19,4
DA:22,12
DA:25,2
LF:16
LH:16
BRDA:9,0,0,6
BRDA:9,0,1,6
BRDA:9,1,0,12
BRDA:9,1,1,8
BRDA:10,2,0,4
BRDA:10,2,1,2
BRDA:16,3,0,2
BRDA:16,3,1,4
BRDA:18,4,0,4
BRDA:18,4,1,0
BRF:10
BRH:9
end_of_record
